<?xml version="1.0" encoding="UTF-8"?>
<!-- Generated by org.testng.reporters.JUnitReportReporter -->
<testsuite hostname="kalpesh16" failures="0" tests="1" name="DemoA.KeywordDrivenFacebook.ExecuteTest" time="1.235" errors="0" timestamp="06 Jan 2022 16:30:17 GMT" skipped="0">
  <testcase classname="DemoA.KeywordDrivenFacebook.ExecuteTest" name="Run" time="1.235"/>
</testsuite> <!-- DemoA.KeywordDrivenFacebook.ExecuteTest -->
